344071428 ROC  0 :   136 pixels with gains > 7
344071428 ROC  1 :    18 pixels with gains > 7
344071688 ROC  3 :     7 pixels with gains > 7
344072464 ROC  1 :    26 pixels with gains > 7
344072464 ROC  4 :    19 pixels with gains > 7
344072716 ROC  1 :   802 pixels with gains > 7
344073480 ROC  9 :    19 pixels with gains > 7
344076808 ROC  0 :     6 pixels with gains > 7
302055708 ROC 15 :     9 pixels with gains > 7
302128156 ROC  9 :     6 pixels with gains > 7
302196244 ROC 13 :     8 pixels with gains > 7
302124576 ROC 11 :     6 pixels with gains > 7
302126880 ROC 14 :     9 pixels with gains > 7
302192668 ROC  4 :     7 pixels with gains > 7
302190112 ROC  7 :     6 pixels with gains > 7
302058256 ROC  0 :     9 pixels with gains > 7
302058756 ROC  5 :     8 pixels with gains > 7
302192904 ROC 10 :   522 pixels with gains > 7
302193676 ROC  1 :    19 pixels with gains > 7
302056464 ROC  2 :     6 pixels with gains > 7
302056716 ROC  0 :     6 pixels with gains > 7
302056196 ROC  3 :     7 pixels with gains > 7
302060296 ROC  4 :     7 pixels with gains > 7
302127368 ROC  7 :    13 pixels with gains > 7
302127624 ROC  0 :     8 pixels with gains > 7
302127628 ROC 15 :     8 pixels with gains > 7
302127876 ROC  8 :    17 pixels with gains > 7
302187016 ROC  6 :     8 pixels with gains > 7
352411912 ROC  2 :    50 pixels with gains > 7
352412164 ROC  8 :     6 pixels with gains > 7
352472580 ROC  9 :    16 pixels with gains > 7
352472588 ROC  2 :     6 pixels with gains > 7
352473612 ROC 12 :    20 pixels with gains > 7
352396560 ROC  2 :     6 pixels with gains > 7
352405776 ROC  0 :    56 pixels with gains > 7
352468488 ROC  2 :    13 pixels with gains > 7
352468488 ROC  3 :    10 pixels with gains > 7
352468488 ROC 10 :     6 pixels with gains > 7
352468488 ROC 11 :    10 pixels with gains > 7
344071428 ROC  0 :   136 pixels with gains > 7
344071428 ROC  1 :    18 pixels with gains > 7
344071688 ROC  3 :     7 pixels with gains > 7
344072464 ROC  1 :    26 pixels with gains > 7
344072464 ROC  4 :    19 pixels with gains > 7
344072716 ROC  1 :   802 pixels with gains > 7
344073480 ROC  9 :    19 pixels with gains > 7
344076808 ROC  0 :     6 pixels with gains > 7
352411912 ROC  2 :    50 pixels with gains > 7
352412164 ROC  8 :     6 pixels with gains > 7
352472580 ROC  9 :    16 pixels with gains > 7
352472588 ROC  2 :     6 pixels with gains > 7
352473612 ROC 12 :    20 pixels with gains > 7
352396560 ROC  2 :     6 pixels with gains > 7
352405776 ROC  0 :    56 pixels with gains > 7
352468488 ROC  2 :    13 pixels with gains > 7
352468488 ROC  3 :    10 pixels with gains > 7
352468488 ROC 10 :     6 pixels with gains > 7
352468488 ROC 11 :    10 pixels with gains > 7
344071428 ROC  0 :   136 pixels with gains > 7
344071428 ROC  1 :    18 pixels with gains > 7
344071688 ROC  3 :     7 pixels with gains > 7
344072464 ROC  1 :    26 pixels with gains > 7
344072464 ROC  4 :    19 pixels with gains > 7
344072716 ROC  1 :   802 pixels with gains > 7
344073480 ROC  9 :    19 pixels with gains > 7
344076808 ROC  0 :     6 pixels with gains > 7
